<?xml version="1.0" encoding="UTF-8"?>
<testsuite xmlns:xsi="http://www.w3.org/2001/XMLSchema-instance" xsi:noNamespaceSchemaLocation="https://maven.apache.org/surefire/maven-surefire-plugin/xsd/surefire-test-report.xsd" version="3.0.2" name="com.hanif.eureka.EurekaApplicationTests" time="7.23" tests="1" errors="0" skipped="0" failures="0">
  <properties>
[...]
</properties>
  <testcase name="contextLoads" classname="com.hanif.eureka.EurekaApplicationTests" time="0.478">
    <system-out><![CDATA[16:39:32.387 [main] INFO org.springframework.test.context.support.AnnotationConfigContextLoaderUtils -- Could not detect default configuration classes for test class [com.hanif.eureka.EurekaApplicationTests]: EurekaApplicationTests does not declare any static, non-private, non-final, nested classes annotated with @Configuration.
16:39:32.455 [main] INFO org.springframework.boot.test.context.SpringBootTestContextBootstrapper -- Found @SpringBootConfiguration com.hanif.eureka.EurekaApplication for test class com.hanif.eureka.EurekaApplicationTests

  .   ____          _            __ _ _
 /\\ / ___'_ __ _ _(_)_ __  __ _ \ \ \ \
( ( )\___ | '_ | '_| | '_ \/ _` | \ \ \ \
 \\/  ___)| |_)| | | | | || (_| |  ) ) ) )
  '  |____| .__|_| |_|_| |_\__, | / / / /
 =========|_|==============|___/=/_/_/_/

 :: Spring Boot ::                (v4.0.3)

2026-06-04T16:39:34.113+07:00  INFO 26660 --- [eureka] [           main] c.hanif.eureka.EurekaApplicationTests    : Starting EurekaApplicationTests using Java 17.0.12 with PID 26660 (started by farha in E:\Semester_4\Microservices\eureka)
2026-06-04T16:39:34.113+07:00  INFO 26660 --- [eureka] [           main] c.hanif.eureka.EurekaApplicationTests    : No active profile set, falling back to 1 default profile: "default"
2026-06-04T16:39:34.938+07:00  INFO 26660 --- [eureka] [           main] o.s.cloud.context.scope.GenericScope     : BeanFactory id=2d9a8d97-3a96-375e-a957-8a0145005010
2026-06-04T16:39:35.328+07:00  INFO 26660 --- [eureka] [           main] o.s.v.b.OptionalValidatorFactoryBean     : Failed to set up a Bean Validation provider: jakarta.validation.NoProviderFoundException: Unable to create a Configuration, because no Jakarta Validation provider could be found. Add a provider like Hibernate Validator (RI) to your classpath.
2026-06-04T16:39:36.963+07:00  INFO 26660 --- [eureka] [           main] o.s.cloud.commons.util.InetUtils         : Cannot determine local hostname
2026-06-04T16:39:38.425+07:00  INFO 26660 --- [eureka] [           main] o.s.cloud.commons.util.InetUtils         : Cannot determine local hostname
2026-06-04T16:39:38.458+07:00  WARN 26660 --- [eureka] [           main] iguration$LoadBalancerCaffeineWarnLogger : Spring Cloud LoadBalancer is currently working with the default cache. While this cache implementation is useful for development and tests, it's recommended to use Caffeine cache in production.You can switch to using Caffeine cache, by adding it and org.springframework.cache.caffeine.CaffeineCacheManager to the classpath.
2026-06-04T16:39:38.644+07:00  INFO 26660 --- [eureka] [           main] o.s.c.n.eureka.InstanceInfoFactory       : Setting initial instance status as: STARTING
2026-06-04T16:39:38.846+07:00  INFO 26660 --- [eureka] [           main] o.s.b.a.e.web.EndpointLinksResolver      : Exposing 1 endpoint beneath base path '/actuator'
2026-06-04T16:39:38.894+07:00  INFO 26660 --- [eureka] [           main] o.s.c.n.e.s.EurekaServiceRegistry        : Registering application EUREKA with eureka with status UP
2026-06-04T16:39:38.906+07:00  INFO 26660 --- [eureka] [           main] c.hanif.eureka.EurekaApplicationTests    : Started EurekaApplicationTests in 6.214 seconds (process running for 7.238)
2026-06-04T16:39:38.917+07:00  INFO 26660 --- [eureka] [      Thread-11] o.s.c.n.e.server.EurekaServerBootstrap   : isAws returned false
2026-06-04T16:39:38.921+07:00  INFO 26660 --- [eureka] [      Thread-11] o.s.c.n.e.server.EurekaServerBootstrap   : Initialized server context
2026-06-04T16:39:38.925+07:00  INFO 26660 --- [eureka] [      Thread-11] e.s.EurekaServerInitializerConfiguration : Started Eureka Server
]]></system-out>
  </testcase>
</testsuite>